<?xml version="1.0" encoding="UTF-8"?>
<!-- Generated by org.testng.reporters.JUnitReportReporter -->
<testsuite name="test.selenium.StudentLogin" tests="1" time="1.094" ignored="0" failures="0" timestamp="03 Dec 2017 20:26:26 GMT" skipped="0" hostname="GuanYanran-S3" errors="0">
  <testcase name="Test" time="1.094" classname="test.selenium.StudentLogin"/>
</testsuite> <!-- test.selenium.StudentLogin -->
