<?xml version="1.0" encoding="UTF-8"?>
<!-- Generated by org.testng.reporters.JUnitReportReporter -->
<testsuite name="test.selenium.Runner" tests="1" time="0.250" ignored="0" failures="0" timestamp="03 Dec 2017 03:57:05 GMT" skipped="0" hostname="GuanYanran-S3" errors="0">
  <testcase name="TestsRunner" time="0.250" classname="test.selenium.Runner"/>
</testsuite> <!-- test.selenium.Runner -->
