<?xml version="1.0" encoding="UTF-8"?>
<!-- Generated by org.testng.reporters.JUnitReportReporter -->
<testsuite name="test.selenium.ClerkCreateNewCourse" tests="1" time="1.606" ignored="0" failures="0" timestamp="04 Dec 2017 01:32:49 GMT" skipped="0" hostname="GuanYanran-S3" errors="0">
  <testcase name="Test" time="1.606" classname="test.selenium.ClerkCreateNewCourse"/>
</testsuite> <!-- test.selenium.ClerkCreateNewCourse -->
