<?xml version="1.0" encoding="UTF-8"?>
<!-- Generated by org.testng.reporters.JUnitReportReporter -->
<testsuite name="test.selenium.UseCaseDependencies" tests="27" time="272.527" ignored="0" failures="0" timestamp="08 Dec 2017 22:06:41 GMT" skipped="0" hostname="GuanYanran-S3" errors="0">
  <testcase name="ClerkLogout" time="0.452" classname="test.selenium.UseCaseDependencies"/>
  <testcase name="StudentBLogout" time="0.404" classname="test.selenium.UseCaseDependencies"/>
  <testcase name="StudentBLogin" time="0.437" classname="test.selenium.UseCaseDependencies"/>
  <testcase name="WaitTilTermEnds" time="200.002" classname="test.selenium.UseCaseDependencies"/>
  <testcase name="StudentBLoginAgain" time="0.498" classname="test.selenium.UseCaseDependencies"/>
  <testcase name="ClerkViewDeansList" time="10.512" classname="test.selenium.UseCaseDependencies"/>
  <testcase name="StudentALoginAgain" time="0.612" classname="test.selenium.UseCaseDependencies"/>
  <testcase name="StudentALogout" time="0.392" classname="test.selenium.UseCaseDependencies"/>
  <testcase name="WaitTilRegistrationEnds" time="20.007" classname="test.selenium.UseCaseDependencies"/>
  <testcase name="StudentARegisterforCourses" time="2.084" classname="test.selenium.UseCaseDependencies"/>
  <testcase name="StudentBDropCourses" time="1.447" classname="test.selenium.UseCaseDependencies"/>
  <testcase name="StudentALogin" time="0.495" classname="test.selenium.UseCaseDependencies"/>
  <testcase name="ClerkDeleteNewCourse" time="1.151" classname="test.selenium.UseCaseDependencies"/>
  <testcase name="WaitTilRegistrationStarts" time="20.009" classname="test.selenium.UseCaseDependencies"/>
  <testcase name="ClerkCancelCourseD" time="0.922" classname="test.selenium.UseCaseDependencies"/>
  <testcase name="StudentASelectCourses" time="2.024" classname="test.selenium.UseCaseDependencies"/>
  <testcase name="StudentADeregisterforCourseB" time="0.817" classname="test.selenium.UseCaseDependencies"/>
  <testcase name="StudentADropCourseE" time="0.685" classname="test.selenium.UseCaseDependencies"/>
  <testcase name="StudentALogoutAgain" time="0.464" classname="test.selenium.UseCaseDependencies"/>
  <testcase name="ClerkLogin" time="0.598" classname="test.selenium.UseCaseDependencies"/>
  <testcase name="StudentBSelectCourses" time="1.843" classname="test.selenium.UseCaseDependencies"/>
  <testcase name="ClerkLoginAgain" time="0.465" classname="test.selenium.UseCaseDependencies"/>
  <testcase name="ClerkCreateNewStudent" time="1.091" classname="test.selenium.UseCaseDependencies"/>
  <testcase name="ClerkDeleteNewStudent" time="1.041" classname="test.selenium.UseCaseDependencies"/>
  <testcase name="StudentBLogoutAgain" time="0.440" classname="test.selenium.UseCaseDependencies"/>
  <testcase name="ClerkCreateNewCourse" time="1.556" classname="test.selenium.UseCaseDependencies"/>
  <testcase name="StudentBRegisterforCourses" time="2.079" classname="test.selenium.UseCaseDependencies"/>
</testsuite> <!-- test.selenium.UseCaseDependencies -->
