<?xml version="1.0" encoding="UTF-8"?>
<!-- Generated by org.testng.reporters.JUnitReportReporter -->
<testsuite name="test.selenium.NewTest" tests="27" time="265.464" ignored="0" failures="0" timestamp="04 Dec 2017 03:38:17 GMT" skipped="0" hostname="GuanYanran-S3" errors="0">
  <testcase name="ClerkLogout" time="0.484" classname="test.selenium.NewTest"/>
  <testcase name="StudentBLogout" time="0.461" classname="test.selenium.NewTest"/>
  <testcase name="StudentBLogin" time="0.531" classname="test.selenium.NewTest"/>
  <testcase name="WaitTilTermEnds" time="200.007" classname="test.selenium.NewTest"/>
  <testcase name="StudentBLoginAgain" time="0.533" classname="test.selenium.NewTest"/>
  <testcase name="ClerkViewDeansList" time="0.391" classname="test.selenium.NewTest"/>
  <testcase name="StudentALoginAgain" time="0.562" classname="test.selenium.NewTest"/>
  <testcase name="StudentALogout" time="0.682" classname="test.selenium.NewTest"/>
  <testcase name="WaitTilRegistrationEnds" time="20.006" classname="test.selenium.NewTest"/>
  <testcase name="StudentARegisterforCourses" time="2.115" classname="test.selenium.NewTest"/>
  <testcase name="StudentBDropCourses" time="1.519" classname="test.selenium.NewTest"/>
  <testcase name="StudentALogin" time="0.578" classname="test.selenium.NewTest"/>
  <testcase name="ClerkDeleteNewCourse" time="1.225" classname="test.selenium.NewTest"/>
  <testcase name="WaitTilRegistrationStarts" time="20.007" classname="test.selenium.NewTest"/>
  <testcase name="ClerkCancelCourseD" time="2.224" classname="test.selenium.NewTest"/>
  <testcase name="StudentASelectCourses" time="2.426" classname="test.selenium.NewTest"/>
  <testcase name="StudentADeregisterforCourseB" time="0.715" classname="test.selenium.NewTest"/>
  <testcase name="StudentADropCourseE" time="0.740" classname="test.selenium.NewTest"/>
  <testcase name="StudentALogoutAgain" time="0.436" classname="test.selenium.NewTest"/>
  <testcase name="ClerkLogin" time="0.559" classname="test.selenium.NewTest"/>
  <testcase name="StudentBSelectCourses" time="2.091" classname="test.selenium.NewTest"/>
  <testcase name="ClerkLoginAgain" time="0.459" classname="test.selenium.NewTest"/>
  <testcase name="ClerkCreateNewStudent" time="1.185" classname="test.selenium.NewTest"/>
  <testcase name="ClerkDeleteNewStudent" time="1.123" classname="test.selenium.NewTest"/>
  <testcase name="StudentBLogoutAgain" time="0.599" classname="test.selenium.NewTest"/>
  <testcase name="ClerkCreateNewCourse" time="1.750" classname="test.selenium.NewTest"/>
  <testcase name="StudentBRegisterforCourses" time="2.056" classname="test.selenium.NewTest"/>
</testsuite> <!-- test.selenium.NewTest -->
