<?xml version="1.0" encoding="UTF-8"?>
<!-- Generated by org.testng.reporters.JUnitReportReporter -->
<testsuite hostname="GuanYanran-S3" name="test.selenium.NewTest" tests="1" failures="0" timestamp="3 Dec 2017 00:42:18 GMT" time="3.699" errors="0">
  <testcase name="f" time="3.699" classname="test.selenium.NewTest"/>
</testsuite> <!-- test.selenium.NewTest -->
