<?xml version="1.0" encoding="UTF-8"?>
<!-- Generated by org.testng.reporters.JUnitReportReporter -->
<testsuite name="test.selenium.StudentRegisterForCourse" tests="1" time="0.003" ignored="0" failures="0" timestamp="04 Dec 2017 00:30:49 GMT" skipped="1" hostname="GuanYanran-S3" errors="0">
  <testcase name="Test" time="0.003" classname="test.selenium.StudentRegisterForCourse">
    <skipped/>
  </testcase> <!-- Test -->
</testsuite> <!-- test.selenium.StudentRegisterForCourse -->
