<?xml version="1.0" encoding="UTF-8"?>
<!-- Generated by org.testng.reporters.JUnitReportReporter -->
<testsuite name="test.selenium.StudentLoginLogout" tests="1" time="0.683" ignored="0" failures="0" timestamp="03 Dec 2017 22:03:47 GMT" skipped="0" hostname="GuanYanran-S3" errors="0">
  <testcase name="Test" time="0.683" classname="test.selenium.StudentLoginLogout"/>
</testsuite> <!-- test.selenium.StudentLoginLogout -->
