<?xml version="1.0" encoding="UTF-8"?>
<!-- Generated by org.testng.reporters.JUnitReportReporter -->
<testsuite name="test.selenium.ClerkCreateStudent" tests="1" time="1.584" ignored="0" failures="0" timestamp="03 Dec 2017 23:03:35 GMT" skipped="0" hostname="GuanYanran-S3" errors="0">
  <testcase name="Test" time="1.584" classname="test.selenium.ClerkCreateStudent"/>
</testsuite> <!-- test.selenium.ClerkCreateStudent -->
