<?xml version="1.0" encoding="UTF-8"?>
<!-- Generated by org.testng.reporters.JUnitReportReporter -->
<testsuite name="test.selenium.NewTest" tests="2" time="1.349" ignored="0" failures="0" timestamp="03 Dec 2017 19:50:53 GMT" skipped="0" hostname="GuanYanran-S3" errors="0">
  <testcase name="LaunchSite" time="1.342" classname="test.selenium.NewTest"/>
  <testcase name="ClerkLogin" time="0.007" classname="test.selenium.NewTest"/>
</testsuite> <!-- test.selenium.NewTest -->
