<?xml version="1.0" encoding="UTF-8"?>
<!-- Generated by org.testng.reporters.JUnitReportReporter -->
<testsuite name="test.selenium.UseCaseDependencies" tests="27" time="274.664" ignored="0" failures="0" timestamp="18 Dec 2017 22:35:24 GMT" skipped="0" hostname="GuanYanran-S3" errors="0">
  <testcase name="ClerkLogout" time="0.487" classname="test.selenium.UseCaseDependencies"/>
  <testcase name="StudentBLogout" time="0.504" classname="test.selenium.UseCaseDependencies"/>
  <testcase name="StudentBLogin" time="0.481" classname="test.selenium.UseCaseDependencies"/>
  <testcase name="WaitTilTermEnds" time="200.001" classname="test.selenium.UseCaseDependencies"/>
  <testcase name="StudentBLoginAgain" time="0.572" classname="test.selenium.UseCaseDependencies"/>
  <testcase name="ClerkViewDeansList" time="10.407" classname="test.selenium.UseCaseDependencies"/>
  <testcase name="StudentALoginAgain" time="0.509" classname="test.selenium.UseCaseDependencies"/>
  <testcase name="StudentALogout" time="0.433" classname="test.selenium.UseCaseDependencies"/>
  <testcase name="WaitTilRegistrationEnds" time="20.002" classname="test.selenium.UseCaseDependencies"/>
  <testcase name="StudentARegisterforCourses" time="2.246" classname="test.selenium.UseCaseDependencies"/>
  <testcase name="StudentBDropCourses" time="1.396" classname="test.selenium.UseCaseDependencies"/>
  <testcase name="StudentALogin" time="0.574" classname="test.selenium.UseCaseDependencies"/>
  <testcase name="ClerkDeleteNewCourse" time="1.245" classname="test.selenium.UseCaseDependencies"/>
  <testcase name="WaitTilRegistrationStarts" time="20.003" classname="test.selenium.UseCaseDependencies"/>
  <testcase name="ClerkCancelCourseD" time="1.100" classname="test.selenium.UseCaseDependencies"/>
  <testcase name="StudentASelectCourses" time="2.149" classname="test.selenium.UseCaseDependencies"/>
  <testcase name="StudentADeregisterforCourseB" time="0.741" classname="test.selenium.UseCaseDependencies"/>
  <testcase name="StudentADropCourseE" time="0.747" classname="test.selenium.UseCaseDependencies"/>
  <testcase name="StudentALogoutAgain" time="0.446" classname="test.selenium.UseCaseDependencies"/>
  <testcase name="ClerkLogin" time="0.652" classname="test.selenium.UseCaseDependencies"/>
  <testcase name="StudentBSelectCourses" time="2.715" classname="test.selenium.UseCaseDependencies"/>
  <testcase name="ClerkLoginAgain" time="0.505" classname="test.selenium.UseCaseDependencies"/>
  <testcase name="ClerkCreateNewStudent" time="1.230" classname="test.selenium.UseCaseDependencies"/>
  <testcase name="ClerkDeleteNewStudent" time="1.177" classname="test.selenium.UseCaseDependencies"/>
  <testcase name="StudentBLogoutAgain" time="0.483" classname="test.selenium.UseCaseDependencies"/>
  <testcase name="ClerkCreateNewCourse" time="1.711" classname="test.selenium.UseCaseDependencies"/>
  <testcase name="StudentBRegisterforCourses" time="2.148" classname="test.selenium.UseCaseDependencies"/>
</testsuite> <!-- test.selenium.UseCaseDependencies -->
