<?xml version="1.0" encoding="UTF-8"?>
<!-- Generated by org.testng.reporters.JUnitReportReporter -->
<testsuite name="test.selenium.UseCaseDependencies" tests="27" time="272.031" ignored="0" failures="0" timestamp="08 Dec 2017 00:22:23 GMT" skipped="0" hostname="GuanYanran-S3" errors="0">
  <testcase name="StudentARegisterforCourses" time="2.033" classname="test.selenium.UseCaseDependencies"/>
  <testcase name="WaitTilRegistrationStarts" time="20.002" classname="test.selenium.UseCaseDependencies"/>
  <testcase name="ClerkCancelCourseD" time="0.973" classname="test.selenium.UseCaseDependencies"/>
  <testcase name="ClerkCreateNewStudent" time="1.028" classname="test.selenium.UseCaseDependencies"/>
  <testcase name="StudentALogout" time="0.397" classname="test.selenium.UseCaseDependencies"/>
  <testcase name="StudentBLoginAgain" time="0.459" classname="test.selenium.UseCaseDependencies"/>
  <testcase name="StudentALoginAgain" time="0.530" classname="test.selenium.UseCaseDependencies"/>
  <testcase name="StudentASelectCourses" time="1.981" classname="test.selenium.UseCaseDependencies"/>
  <testcase name="StudentADropCourseE" time="0.678" classname="test.selenium.UseCaseDependencies"/>
  <testcase name="StudentALogoutAgain" time="0.398" classname="test.selenium.UseCaseDependencies"/>
  <testcase name="ClerkDeleteNewCourse" time="1.158" classname="test.selenium.UseCaseDependencies"/>
  <testcase name="ClerkLogout" time="0.422" classname="test.selenium.UseCaseDependencies"/>
  <testcase name="StudentBRegisterforCourses" time="1.869" classname="test.selenium.UseCaseDependencies"/>
  <testcase name="StudentBLogoutAgain" time="0.415" classname="test.selenium.UseCaseDependencies"/>
  <testcase name="WaitTilRegistrationEnds" time="20.007" classname="test.selenium.UseCaseDependencies"/>
  <testcase name="ClerkViewDeansList" time="10.400" classname="test.selenium.UseCaseDependencies"/>
  <testcase name="ClerkDeleteNewStudent" time="1.033" classname="test.selenium.UseCaseDependencies"/>
  <testcase name="StudentADeregisterforCourseB" time="0.681" classname="test.selenium.UseCaseDependencies"/>
  <testcase name="WaitTilTermEnds" time="199.986" classname="test.selenium.UseCaseDependencies"/>
  <testcase name="ClerkLoginAgain" time="0.425" classname="test.selenium.UseCaseDependencies"/>
  <testcase name="StudentBLogout" time="0.407" classname="test.selenium.UseCaseDependencies"/>
  <testcase name="ClerkLogin" time="0.532" classname="test.selenium.UseCaseDependencies"/>
  <testcase name="StudentALogin" time="0.500" classname="test.selenium.UseCaseDependencies"/>
  <testcase name="StudentBLogin" time="0.431" classname="test.selenium.UseCaseDependencies"/>
  <testcase name="ClerkCreateNewCourse" time="1.468" classname="test.selenium.UseCaseDependencies"/>
  <testcase name="StudentBDropCourses" time="1.348" classname="test.selenium.UseCaseDependencies"/>
  <testcase name="StudentBSelectCourses" time="2.470" classname="test.selenium.UseCaseDependencies"/>
</testsuite> <!-- test.selenium.UseCaseDependencies -->
